21:41:47.761 [main] INFO  testBase.BaseClass - The user is on the number of people page.
21:41:47.987 [main] INFO  testBase.BaseClass - User has selected number of people.
21:41:52.590 [main] INFO  testBase.BaseClass - User has selected Age of Traveller 1.
21:41:55.254 [main] INFO  testBase.BaseClass - User has selected Age of Traveller 1.
21:41:58.868 [main] INFO  testBase.BaseClass - User has selected any Medical issue.
21:42:02.614 [main] INFO  testBase.BaseClass - User has entered Mobile Number.
21:42:04.752 [main] INFO  testBase.BaseClass - User has disabled Whatsapp button.
21:42:05.064 [main] INFO  testBase.BaseClass - User clicked view plans.
21:42:10.405 [main] INFO  testBase.BaseClass - User clicked on student plan.
21:42:15.709 [main] INFO  testBase.BaseClass - User clicked on travellers.
21:42:20.171 [main] INFO  testBase.BaseClass - User selected duration of travel.
21:42:24.796 [main] INFO  testBase.BaseClass - User has selected sort option.
21:42:26.955 [main] INFO  testBase.BaseClass - clicked on close recommended plan.
21:42:27.878 [main] INFO  testBase.BaseClass - User gets the three lowest travel insurance plan.
21:42:29.282 [main] INFO  testBase.BaseClass - User is on Home Page.
21:42:42.256 [main] INFO  testBase.BaseClass - User clicked on Car Insurance.
21:42:44.540 [main] INFO  testBase.BaseClass - User clicked on new car button.
21:42:44.685 [main] INFO  testBase.BaseClass - User has selected city.
21:42:45.776 [main] INFO  testBase.BaseClass - User has selected RTO.
21:42:50.856 [main] INFO  testBase.BaseClass - User has selected Car Brand.
21:42:50.944 [main] INFO  testBase.BaseClass - User clicked on Search box.
21:42:52.115 [main] INFO  testBase.BaseClass - User searched for car model.
21:42:54.387 [main] INFO  testBase.BaseClass - User searched for car varient.
21:42:56.723 [main] INFO  testBase.BaseClass - User has entered Email.
21:42:56.923 [main] INFO  testBase.BaseClass - User gets error message for Email.
21:44:38.398 [main] INFO  testBase.BaseClass - User navigate backs to Home Page.
21:44:51.333 [main] INFO  testBase.BaseClass - User mouse hover on Insurance Products
21:44:54.755 [main] INFO  testBase.BaseClass - User gets the Health Insurance Menu List.
21:45:55.045 [main] INFO  testBase.BaseClass - The user is on the travel Insurance Page.
21:46:00.296 [main] INFO  testBase.BaseClass - User has selected European Country.
21:46:06.102 [main] INFO  testBase.BaseClass - The user is on the select dates Page.
21:46:10.523 [main] INFO  testBase.BaseClass - User has selected start date.
21:46:14.398 [main] INFO  testBase.BaseClass - User has selected end date.
21:46:16.859 [main] INFO  testBase.BaseClass - The user is on the number of people page.
21:46:17.013 [main] INFO  testBase.BaseClass - User has selected number of people.
21:46:21.720 [main] INFO  testBase.BaseClass - User has selected Age of Traveller 1.
21:46:25.856 [main] INFO  testBase.BaseClass - User has selected Age of Traveller 1.
21:47:29.711 [main] INFO  testBase.BaseClass - The user is on the travel Insurance Page.
21:47:34.045 [main] INFO  testBase.BaseClass - User has selected European Country.
21:47:39.507 [main] INFO  testBase.BaseClass - The user is on the select dates Page.
21:47:43.401 [main] INFO  testBase.BaseClass - User has selected start date.
21:47:46.979 [main] INFO  testBase.BaseClass - User has selected end date.
21:47:49.387 [main] INFO  testBase.BaseClass - The user is on the number of people page.
21:47:49.506 [main] INFO  testBase.BaseClass - User has selected number of people.
21:47:54.047 [main] INFO  testBase.BaseClass - User has selected Age of Traveller 1.
21:47:56.603 [main] INFO  testBase.BaseClass - User has selected Age of Traveller 1.
21:48:00.085 [main] INFO  testBase.BaseClass - User has selected any Medical issue.
21:48:04.111 [main] INFO  testBase.BaseClass - User has entered Mobile Number.
21:48:06.278 [main] INFO  testBase.BaseClass - User has disabled Whatsapp button.
21:48:06.539 [main] INFO  testBase.BaseClass - User clicked view plans.
21:48:26.273 [main] INFO  testBase.BaseClass - User clicked on Car Insurance.
21:48:28.480 [main] INFO  testBase.BaseClass - User clicked on new car button.
21:48:28.545 [main] INFO  testBase.BaseClass - User has selected city.
21:48:29.624 [main] INFO  testBase.BaseClass - User has selected RTO.
21:48:34.690 [main] INFO  testBase.BaseClass - User has selected Car Brand.
21:48:34.760 [main] INFO  testBase.BaseClass - User clicked on Search box.
21:48:35.893 [main] INFO  testBase.BaseClass - User searched for car model.
21:48:38.087 [main] INFO  testBase.BaseClass - User searched for car varient.
21:48:51.085 [main] INFO  testBase.BaseClass - User mouse hover on Insurance Products
21:48:54.028 [main] INFO  testBase.BaseClass - User gets the Health Insurance Menu List.
