18:55:14.878 [main] INFO  testBase.BaseClass - User clicked view plans.
18:55:20.221 [main] INFO  testBase.BaseClass - User clicked on student plan.
18:55:25.494 [main] INFO  testBase.BaseClass - User clicked on travellers.
18:55:29.936 [main] INFO  testBase.BaseClass - User selected duration of travel.
18:55:35.045 [main] INFO  testBase.BaseClass - User has selected sort option.
18:55:37.225 [main] INFO  testBase.BaseClass - clicked on close recommended plan.
18:55:38.007 [main] INFO  testBase.BaseClass - User gets the three lowest travel insurance plan.
18:55:39.329 [main] INFO  testBase.BaseClass - User is on Home Page.
18:56:22.409 [main] INFO  testBase.BaseClass - User clicked on Car Insurance.
18:56:25.347 [main] INFO  testBase.BaseClass - User clicked on new car button.
18:56:25.449 [main] INFO  testBase.BaseClass - User has selected city.
18:56:26.589 [main] INFO  testBase.BaseClass - User has selected RTO.
18:56:31.640 [main] INFO  testBase.BaseClass - User has selected Car Brand.
18:56:31.739 [main] INFO  testBase.BaseClass - User clicked on Search box.
18:56:32.950 [main] INFO  testBase.BaseClass - User searched for car model.
18:56:35.206 [main] INFO  testBase.BaseClass - User searched for car varient.
18:56:37.482 [main] INFO  testBase.BaseClass - User has entered Email.
18:56:37.702 [main] INFO  testBase.BaseClass - User gets error message for Email.
18:58:19.022 [main] INFO  testBase.BaseClass - User navigate backs to Home Page.
18:59:00.812 [main] INFO  testBase.BaseClass - User mouse hover on Insurance Products
18:59:04.163 [main] INFO  testBase.BaseClass - User gets the Health Insurance Menu List.
21:12:14.556 [main] INFO  testBase.BaseClass - The user is on the travel Insurance Page.
21:12:19.491 [main] INFO  testBase.BaseClass - User has selected European Country.
21:12:25.068 [main] INFO  testBase.BaseClass - The user is on the select dates Page.
21:12:29.279 [main] INFO  testBase.BaseClass - User has selected start date.
21:12:32.981 [main] INFO  testBase.BaseClass - User has selected end date.
21:12:35.470 [main] INFO  testBase.BaseClass - The user is on the number of people page.
21:12:35.614 [main] INFO  testBase.BaseClass - User has selected number of people.
21:12:40.256 [main] INFO  testBase.BaseClass - User has selected Age of Traveller 1.
21:12:42.794 [main] INFO  testBase.BaseClass - User has selected Age of Traveller 1.
21:12:46.555 [main] INFO  testBase.BaseClass - User has selected any Medical issue.
21:12:49.880 [main] INFO  testBase.BaseClass - User has entered Mobile Number.
21:12:51.998 [main] INFO  testBase.BaseClass - User has disabled Whatsapp button.
21:12:52.330 [main] INFO  testBase.BaseClass - User clicked view plans.
21:24:19.185 [main] INFO  testBase.BaseClass - The user is on the travel Insurance Page.
21:24:23.836 [main] INFO  testBase.BaseClass - User has selected European Country.
21:24:29.373 [main] INFO  testBase.BaseClass - The user is on the select dates Page.
21:24:33.513 [main] INFO  testBase.BaseClass - User has selected start date.
21:24:37.121 [main] INFO  testBase.BaseClass - User has selected end date.
21:24:39.519 [main] INFO  testBase.BaseClass - The user is on the number of people page.
21:24:39.657 [main] INFO  testBase.BaseClass - User has selected number of people.
21:24:44.251 [main] INFO  testBase.BaseClass - User has selected Age of Traveller 1.
21:24:46.791 [main] INFO  testBase.BaseClass - User has selected Age of Traveller 1.
21:24:50.588 [main] INFO  testBase.BaseClass - User has selected any Medical issue.
21:24:57.775 [main] INFO  testBase.BaseClass - User has entered Mobile Number.
21:24:59.924 [main] INFO  testBase.BaseClass - User has disabled Whatsapp button.
21:25:00.259 [main] INFO  testBase.BaseClass - User clicked view plans.
21:25:18.722 [main] INFO  testBase.BaseClass - User clicked on Car Insurance.
21:25:21.188 [main] INFO  testBase.BaseClass - User clicked on new car button.
21:25:21.468 [main] INFO  testBase.BaseClass - User has selected city.
21:25:22.569 [main] INFO  testBase.BaseClass - User has selected RTO.
21:25:27.773 [main] INFO  testBase.BaseClass - User has selected Car Brand.
21:25:27.862 [main] INFO  testBase.BaseClass - User clicked on Search box.
21:25:29.005 [main] INFO  testBase.BaseClass - User searched for car model.
21:25:31.200 [main] INFO  testBase.BaseClass - User searched for car varient.
21:25:43.814 [main] INFO  testBase.BaseClass - User mouse hover on Insurance Products
21:25:47.532 [main] INFO  testBase.BaseClass - User gets the Health Insurance Menu List.
21:41:27.014 [main] INFO  testBase.BaseClass - The user is on the travel Insurance Page.
21:41:31.701 [main] INFO  testBase.BaseClass - User has selected European Country.
21:41:37.378 [main] INFO  testBase.BaseClass - The user is on the select dates Page.
21:41:41.687 [main] INFO  testBase.BaseClass - User has selected start date.
21:41:45.375 [main] INFO  testBase.BaseClass - User has selected end date.
